{
  "stats": {
    "suites": 1,
    "tests": 1,
    "passes": 0,
    "pending": 0,
    "failures": 1,
    "start": "2021-04-15T05:51:33.103Z",
    "end": "2021-04-15T05:52:06.383Z",
    "duration": 33280,
    "testsRegistered": 1,
    "passPercent": 0,
    "pendingPercent": 0,
    "other": 0,
    "hasOther": false,
    "skipped": 0,
    "hasSkipped": false
  },
  "results": [
    {
      "uuid": "f386e092-2f5f-4a73-870d-6f82f1810e66",
      "title": "",
      "fullFile": "",
      "file": "",
      "beforeHooks": [],
      "afterHooks": [],
      "tests": [],
      "suites": [
        {
          "uuid": "191ea187-a60f-4311-8f97-c972aab3eb01",
          "title": "Validate Create request for an existing request Type supporting any file format",
          "fullFile": "C:\\Users\\sagarp\\USG\\Automation\\Go\\FPS-Go-test\\Src\\Tests\\Create_newRequest_test.js",
          "file": "\\Src\\Tests\\Create_newRequest_test.js",
          "beforeHooks": [
            {
              "title": "\"before all\" hook: codeceptjs.beforeSuite",
              "fullTitle": "Validate Create request for an existing request Type supporting any file format \"before all\" hook: codeceptjs.beforeSuite",
              "timedOut": false,
              "duration": 2,
              "state": null,
              "speed": null,
              "pass": false,
              "fail": false,
              "pending": false,
              "context": null,
              "code": "scenario.suiteSetup(suite)",
              "err": {},
              "uuid": "8dd57259-6b2c-40ef-bb7b-d63a0de4f315",
              "parentUUID": "191ea187-a60f-4311-8f97-c972aab3eb01",
              "isHook": true,
              "skipped": false
            },
            {
              "title": "\"before each\" hook: codeceptjs.before",
              "fullTitle": "Validate Create request for an existing request Type supporting any file format \"before each\" hook: codeceptjs.before",
              "timedOut": false,
              "duration": 3661,
              "state": null,
              "speed": null,
              "pass": false,
              "fail": false,
              "pending": false,
              "context": null,
              "code": "scenario.setup(suite)",
              "err": {},
              "uuid": "9f1ca83a-3131-4d0b-a06a-7f263446e0a9",
              "parentUUID": "191ea187-a60f-4311-8f97-c972aab3eb01",
              "isHook": true,
              "skipped": false
            }
          ],
          "afterHooks": [
            {
              "title": "\"after all\" hook: codeceptjs.afterSuite",
              "fullTitle": "Validate Create request for an existing request Type supporting any file format \"after all\" hook: codeceptjs.afterSuite",
              "timedOut": false,
              "duration": 1,
              "state": null,
              "speed": null,
              "pass": false,
              "fail": false,
              "pending": false,
              "context": null,
              "code": "scenario.suiteTeardown(suite)",
              "err": {},
              "uuid": "5c77a6fe-760d-4954-b8ca-a16f6ee95d7f",
              "parentUUID": "191ea187-a60f-4311-8f97-c972aab3eb01",
              "isHook": true,
              "skipped": false
            },
            {
              "title": "\"after each\" hook: finalize codeceptjs",
              "fullTitle": "Validate Create request for an existing request Type supporting any file format \"after each\" hook: finalize codeceptjs",
              "timedOut": false,
              "duration": 641,
              "state": null,
              "speed": null,
              "pass": false,
              "fail": false,
              "pending": false,
              "context": null,
              "code": "scenario.teardown(suite)",
              "err": {},
              "uuid": "499fcfce-3760-4e90-b9b4-6229001c76a5",
              "parentUUID": "191ea187-a60f-4311-8f97-c972aab3eb01",
              "isHook": true,
              "skipped": false
            }
          ],
          "tests": [
            {
              "title": "Create Request at FPS Go QA ",
              "fullTitle": "Validate Create request for an existing request Type supporting any file format: Create Request at FPS Go QA ",
              "timedOut": false,
              "duration": 28951,
              "state": "failed",
              "speed": null,
              "pass": false,
              "fail": true,
              "pending": false,
              "context": null,
              "code": "// Login to FPS GO\nI.amOnPage('https://fpsgo_qa.ultimatesoftware.com/login');\nI.wait(10);\n//I.click(LaunchFPS_go.newRequest_button);\nI.click('//button[@class=\"mat-raised-button\"]');\n// Create New Request Page\nI.wait(5);\nI.click();\n//I.click(LaunchFPS_go.logout_button);\nI.wait(5);",
              "err": {
                "message": "Error: selector needs to be typeof `string` or `function`",
                "estack": "selector needs to be typeof `string` or `function`\n\nScenario Steps:\n\n- I.click() at Test.Scenario (Src\\Tests\\Create_newRequest_test.js:24:3)\n- I.wait(5) at Test.Scenario (Src\\Tests\\Create_newRequest_test.js:23:3)\n- I.click(\"//button[@class=\"mat-raised-button\"]\") at Test.Scenario (Src\\Tests\\Create_newRequest_test.js:20:3)\n- I.wait(10) at Test.Scenario (Src\\Tests\\Create_newRequest_test.js:16:3)\n- I.amOnPage(\"https://fpsgo_qa.ultimatesoftware.com/login\") at Test.Scenario (Src\\Tests\\Create_newRequest_test.js:13:3)\n\n",
                "diff": null
              },
              "uuid": "2d5fc1bb-66e0-4622-9674-9af4aa32683f",
              "parentUUID": "191ea187-a60f-4311-8f97-c972aab3eb01",
              "isHook": false,
              "skipped": false
            }
          ],
          "suites": [],
          "passes": [],
          "failures": [
            "2d5fc1bb-66e0-4622-9674-9af4aa32683f"
          ],
          "pending": [],
          "skipped": [],
          "duration": 28951,
          "root": false,
          "rootEmpty": false,
          "_timeout": 0
        }
      ],
      "passes": [],
      "failures": [],
      "pending": [],
      "skipped": [],
      "duration": 0,
      "root": true,
      "rootEmpty": true,
      "_timeout": 0
    }
  ],
  "meta": {
    "mocha": {
      "version": "6.2.3"
    },
    "mochawesome": {
      "options": {
        "quiet": false,
        "reportFilename": "mochawesome",
        "saveHtml": true,
        "saveJson": true,
        "consoleReporter": "spec",
        "useInlineDiffs": false
      },
      "version": "4.1.0"
    },
    "marge": {
      "options": {},
      "version": "4.1.0"
    }
  }
}